#Mode folder list

#:POPULAR MODES
MARATHON
LINE RACE
DIG RACE
DIG CHALLENGE
ULTRA
GRADE MANIA 3
SPEED MANIA 2
PRACTICE
GEM MANIA
VS-BATTLE

:STANDARD MODES
MARATHON
MARATHON+
EXTREME
TECHNICIAN

:RACE MODES
LINE RACE
SCORE RACE
DIG RACE
COMBO RACE
ULTRA

:MANIA MODES
GRADE MANIA
GRADE MANIA 2
GRADE MANIA 3
SCORE ATTACK
SPEED MANIA
SPEED MANIA 2
GARBAGE MANIA
PHANTOM MANIA
FINAL
TIME ATTACK
GEM MANIA

:RETRO MODES
RETRO MARATHON
RETRO MASTERY
RETRO MANIA

:MISC MODES
SQUARE
DIG CHALLENGE
VS-BATTLE
TOOL-VS MAP EDIT

:AVALANCHE
AVALANCHE 1P (RC2)
AVALANCHE 1P FEVER MARATHON (RC2)
AVALANCHE VS-BATTLE (RC1)
AVALANCHE VS FEVER MARATHON (RC1)
AVALANCHE VS DIG RACE (RC1)
AVALANCHE VS BOMB BATTLE (RC1)
AVALANCHE-SPF VS-BATTLE (BETA)

:PHYSICIAN
PHYSICIAN (RC1)
PHYSICIAN VS-BATTLE (RC1)

:SPF
SPF VS-BATTLE (BETA)
