# NetServer Rule List

# [Examples]
# :TETROMINO <- Game Style. Possible styles are "TETROMINO", "AVALANCHE", "PHYSICIAN", and "SPF".
# config/rule/test1.rul   <- Rule filename.

:TETROMINO
config/rule/Classic3.rul
config/rule/ClassicEasyA.rul
config/rule/ClassicEasyB.rul
config/rule/Standard.rul
config/rule/StandardHard128.rul
config/rule/StandardHard.rul
config/rule/StandardExp.rul
config/rule/StandardFast.rul
config/rule/StandardFastB.rul
config/rule/StandardPlus.rul
config/rule/StandardZero.rul

:AVALANCHE
config/rule/Avalanche.rul
config/rule/AvalancheClassic.rul

:PHYSICIAN
config/rule/Physician.rul

:SPF
config/rule/SPF.rul
